# Logfile created on 2014-09-30 10:43:46 +0200 by logger.rb/44203
I, [2014-09-30T10:43:46.065421 #33470]  INFO -- : 0:  i18n (0.6.5) from /Users/olownia/.rvm/gems/ruby-2.1.0@antos/specifications/i18n-0.6.5.gemspec
I, [2014-09-30T10:43:46.677804 #33470]  INFO -- : 0:  multi_json (1.8.2) from /Users/olownia/.rvm/gems/ruby-2.1.0@antos/specifications/multi_json-1.8.2.gemspec
I, [2014-09-30T10:43:47.981473 #33470]  INFO -- : 0:  activesupport (3.2.9) from /Users/olownia/.rvm/gems/ruby-2.1.0@antos/specifications/activesupport-3.2.9.gemspec
I, [2014-09-30T10:43:48.572085 #33470]  INFO -- : 0:  builder (3.0.4) from /Users/olownia/.rvm/gems/ruby-2.1.0@antos/specifications/builder-3.0.4.gemspec
I, [2014-09-30T10:43:49.294837 #33470]  INFO -- : 0:  activemodel (3.2.9) from /Users/olownia/.rvm/gems/ruby-2.1.0@antos/specifications/activemodel-3.2.9.gemspec
I, [2014-09-30T10:43:50.830561 #33470]  INFO -- : 0:  backports (3.3.5) from /Users/olownia/.rvm/gems/ruby-2.1.0@antos/specifications/backports-3.3.5.gemspec
I, [2014-09-30T10:43:51.449248 #33470]  INFO -- : 0:  bson (1.8.0) from /Users/olownia/.rvm/gems/ruby-2.1.0@antos/specifications/bson-1.8.0.gemspec
E, [2014-09-30T10:43:52.920935 #33470] ERROR -- : Gem::Ext::BuildError: ERROR: Failed to build gem native extension.

    /Users/olownia/.rvm/rubies/ruby-2.1.0/bin/ruby extconf.rb 
checking for asprintf()... *** extconf.rb failed ***
Could not create Makefile due to some reason, probably lack of necessary
libraries and/or headers.  Check the mkmf.log file for more details.  You may
need configuration options.

Provided configuration options:
	--with-opt-dir
	--without-opt-dir
	--with-opt-include
	--without-opt-include=${opt-dir}/include
	--with-opt-lib
	--without-opt-lib=${opt-dir}/lib
	--with-make-prog
	--without-make-prog
	--srcdir=.
	--curdir
	--ruby=/Users/olownia/.rvm/rubies/ruby-2.1.0/bin/ruby
/Users/olownia/.rvm/rubies/ruby-2.1.0/lib/ruby/2.1.0/mkmf.rb:456:in `try_do': The compiler failed to generate an executable file. (RuntimeError)
You have to install development tools first.
	from /Users/olownia/.rvm/rubies/ruby-2.1.0/lib/ruby/2.1.0/mkmf.rb:541:in `try_link0'
	from /Users/olownia/.rvm/rubies/ruby-2.1.0/lib/ruby/2.1.0/mkmf.rb:556:in `try_link'
	from /Users/olownia/.rvm/rubies/ruby-2.1.0/lib/ruby/2.1.0/mkmf.rb:742:in `try_func'
	from /Users/olownia/.rvm/rubies/ruby-2.1.0/lib/ruby/2.1.0/mkmf.rb:1027:in `block in have_func'
	from /Users/olownia/.rvm/rubies/ruby-2.1.0/lib/ruby/2.1.0/mkmf.rb:918:in `block in checking_for'
	from /Users/olownia/.rvm/rubies/ruby-2.1.0/lib/ruby/2.1.0/mkmf.rb:351:in `block (2 levels) in postpone'
	from /Users/olownia/.rvm/rubies/ruby-2.1.0/lib/ruby/2.1.0/mkmf.rb:321:in `open'
	from /Users/olownia/.rvm/rubies/ruby-2.1.0/lib/ruby/2.1.0/mkmf.rb:351:in `block in postpone'
	from /Users/olownia/.rvm/rubies/ruby-2.1.0/lib/ruby/2.1.0/mkmf.rb:321:in `open'
	from /Users/olownia/.rvm/rubies/ruby-2.1.0/lib/ruby/2.1.0/mkmf.rb:347:in `postpone'
	from /Users/olownia/.rvm/rubies/ruby-2.1.0/lib/ruby/2.1.0/mkmf.rb:917:in `checking_for'
	from /Users/olownia/.rvm/rubies/ruby-2.1.0/lib/ruby/2.1.0/mkmf.rb:1026:in `have_func'
	from extconf.rb:3:in `<main>'

extconf failed, exit code 1

Gem files will remain installed in /Users/olownia/.rvm/gems/ruby-2.1.0@antos/gems/bson_ext-1.8.0 for inspection.
Results logged to /Users/olownia/.rvm/gems/ruby-2.1.0@antos/extensions/x86_64-darwin-12/2.1.0-static/bson_ext-1.8.0/gem_make.out

/Users/olownia/.rvm/rubies/ruby-2.1.0/lib/ruby/site_ruby/2.1.0/rubygems/ext/builder.rb:89:in `run'  \n/Users/olownia/.rvm/rubies/ruby-2.1.0/lib/ruby/site_ruby/2.1.0/rubygems/ext/ext_conf_builder.rb:38:in `block in build'  \n/Users/olownia/.rvm/rubies/ruby-2.1.0/lib/ruby/2.1.0/tempfile.rb:324:in `open'  \n/Users/olownia/.rvm/rubies/ruby-2.1.0/lib/ruby/site_ruby/2.1.0/rubygems/ext/ext_conf_builder.rb:17:in `build'  \n/Users/olownia/.rvm/rubies/ruby-2.1.0/lib/ruby/site_ruby/2.1.0/rubygems/ext/builder.rb:161:in `block (2 levels) in build_extension'  \n/Users/olownia/.rvm/rubies/ruby-2.1.0/lib/ruby/site_ruby/2.1.0/rubygems/ext/builder.rb:160:in `chdir'  \n/Users/olownia/.rvm/rubies/ruby-2.1.0/lib/ruby/site_ruby/2.1.0/rubygems/ext/builder.rb:160:in `block in build_extension'  \n/Users/olownia/.rvm/rubies/ruby-2.1.0/lib/ruby/site_ruby/2.1.0/rubygems/ext/builder.rb:159:in `synchronize'  \n/Users/olownia/.rvm/rubies/ruby-2.1.0/lib/ruby/site_ruby/2.1.0/rubygems/ext/builder.rb:159:in `build_extension'  \n/Users/olownia/.rvm/rubies/ruby-2.1.0/lib/ruby/site_ruby/2.1.0/rubygems/ext/builder.rb:198:in `block in build_extensions'  \n/Users/olownia/.rvm/rubies/ruby-2.1.0/lib/ruby/site_ruby/2.1.0/rubygems/ext/builder.rb:195:in `each'  \n/Users/olownia/.rvm/rubies/ruby-2.1.0/lib/ruby/site_ruby/2.1.0/rubygems/ext/builder.rb:195:in `build_extensions'  \n/Users/olownia/.rvm/rubies/ruby-2.1.0/lib/ruby/site_ruby/2.1.0/rubygems/installer.rb:677:in `build_extensions'  \n/Users/olownia/.rvm/rubies/ruby-2.1.0/lib/ruby/site_ruby/2.1.0/rubygems/installer.rb:232:in `install'  \n/Users/olownia/.rvm/gems/ruby-2.1.0@global/gems/bundler-1.5.1/lib/bundler/source/rubygems.rb:101:in `block in install'  \n/Users/olownia/.rvm/gems/ruby-2.1.0@global/gems/bundler-1.5.1/lib/bundler/rubygems_integration.rb:118:in `preserve_paths'  \n/Users/olownia/.rvm/gems/ruby-2.1.0@global/gems/bundler-1.5.1/lib/bundler/source/rubygems.rb:94:in `install'  \n/Users/olownia/.rvm/gems/ruby-2.1.0@global/gems/bundler-1.5.1/lib/bundler/installer.rb:111:in `block in install_gem_from_spec'  \n/Users/olownia/.rvm/gems/ruby-2.1.0@global/gems/bundler-1.5.1/lib/bundler/rubygems_integration.rb:150:in `with_build_args'  \n/Users/olownia/.rvm/gems/ruby-2.1.0@global/gems/bundler-1.5.1/lib/bundler/installer.rb:110:in `install_gem_from_spec'  \n/Users/olownia/.rvm/gems/ruby-2.1.0@global/gems/bundler-1.5.1/lib/bundler/installer.rb:295:in `block in install_sequentially'  \n/Users/olownia/.rvm/rubies/ruby-2.1.0/lib/ruby/2.1.0/forwardable.rb:183:in `each'  \n/Users/olownia/.rvm/rubies/ruby-2.1.0/lib/ruby/2.1.0/forwardable.rb:183:in `each'  \n/Users/olownia/.rvm/gems/ruby-2.1.0@global/gems/bundler-1.5.1/lib/bundler/installer.rb:294:in `install_sequentially'  \n/Users/olownia/.rvm/gems/ruby-2.1.0@global/gems/bundler-1.5.1/lib/bundler/installer.rb:97:in `run'  \n/Users/olownia/.rvm/gems/ruby-2.1.0@global/gems/bundler-1.5.1/lib/bundler/installer.rb:15:in `install'  \n/Users/olownia/.rvm/gems/ruby-2.1.0@global/gems/bundler-1.5.1/lib/bundler/cli.rb:257:in `install'  \n/Users/olownia/.rvm/gems/ruby-2.1.0@global/gems/bundler-1.5.1/lib/bundler/vendor/thor/command.rb:27:in `run'  \n/Users/olownia/.rvm/gems/ruby-2.1.0@global/gems/bundler-1.5.1/lib/bundler/vendor/thor/invocation.rb:120:in `invoke_command'  \n/Users/olownia/.rvm/gems/ruby-2.1.0@global/gems/bundler-1.5.1/lib/bundler/vendor/thor.rb:363:in `dispatch'  \n/Users/olownia/.rvm/gems/ruby-2.1.0@global/gems/bundler-1.5.1/lib/bundler/vendor/thor/base.rb:438:in `start'  \n/Users/olownia/.rvm/gems/ruby-2.1.0@global/gems/bundler-1.5.1/lib/bundler/cli.rb:10:in `start'  \n/Users/olownia/.rvm/gems/ruby-2.1.0@global/gems/bundler-1.5.1/bin/bundle:22:in `block in <top (required)>'  \n/Users/olownia/.rvm/gems/ruby-2.1.0@global/gems/bundler-1.5.1/lib/bundler/friendly_errors.rb:5:in `with_friendly_errors'  \n/Users/olownia/.rvm/gems/ruby-2.1.0@global/gems/bundler-1.5.1/bin/bundle:22:in `<top (required)>'  \n/Users/olownia/.rvm/gems/ruby-2.1.0@global/bin/bundle:23:in `load'  \n/Users/olownia/.rvm/gems/ruby-2.1.0@global/bin/bundle:23:in `<main>'  \n/Users/olownia/.rvm/gems/ruby-2.1.0@global/bin/ruby_executable_hooks:15:in `eval'  \n/Users/olownia/.rvm/gems/ruby-2.1.0@global/bin/ruby_executable_hooks:15:in `<main>'
